801  [main] INFO  pl.java.scalatech.SecurityKataApp - Starting SecurityKataApp on przodownik-Dell-System-XPS-L702X with PID 9274 (/home/przodownik/blog/springSecurityKata/bin started by przodownik in /home/przodownik/blog/springSecurityKata) 
1001 [main] INFO  o.s.b.c.e.AnnotationConfigEmbeddedWebApplicationContext - Refreshing org.springframework.boot.context.embedded.AnnotationConfigEmbeddedWebApplicationContext@50eac852: startup date [Fri Oct 10 15:42:25 CEST 2014]; root of context hierarchy 
2289 [main] INFO  o.s.b.f.s.DefaultListableBeanFactory - Overriding bean definition for bean 'requestMappingHandlerMapping': replacing [Root bean: class [null]; scope=; abstract=false; lazyInit=false; autowireMode=3; dependencyCheck=0; autowireCandidate=true; primary=false; factoryBeanName=org.springframework.web.servlet.config.annotation.DelegatingWebMvcConfiguration; factoryMethodName=requestMappingHandlerMapping; initMethodName=null; destroyMethodName=(inferred); defined in class org.springframework.web.servlet.config.annotation.DelegatingWebMvcConfiguration] with [Root bean: class [null]; scope=; abstract=false; lazyInit=false; autowireMode=3; dependencyCheck=0; autowireCandidate=true; primary=false; factoryBeanName=pl.java.scalatech.config.RestConfig; factoryMethodName=requestMappingHandlerMapping; initMethodName=null; destroyMethodName=(inferred); defined in class pl.java.scalatech.config.RestConfig] 
2289 [main] INFO  o.s.b.f.s.DefaultListableBeanFactory - Overriding bean definition for bean 'restTemplate': replacing [Root bean: class [null]; scope=; abstract=false; lazyInit=false; autowireMode=3; dependencyCheck=0; autowireCandidate=true; primary=false; factoryBeanName=pl.java.scalatech.config.WebConfig; factoryMethodName=restTemplate; initMethodName=null; destroyMethodName=(inferred); defined in class pl.java.scalatech.config.WebConfig] with [Root bean: class [null]; scope=; abstract=false; lazyInit=false; autowireMode=3; dependencyCheck=0; autowireCandidate=true; primary=false; factoryBeanName=pl.java.scalatech.config.RestConfig; factoryMethodName=restTemplate; initMethodName=null; destroyMethodName=(inferred); defined in class pl.java.scalatech.config.RestConfig] 
2299 [main] INFO  o.s.b.f.s.DefaultListableBeanFactory - Overriding bean definition for bean 'org.springframework.boot.autoconfigure.AutoConfigurationPackages': replacing [Generic bean: class [org.springframework.boot.autoconfigure.AutoConfigurationPackages$BasePackages]; scope=; abstract=false; lazyInit=false; autowireMode=0; dependencyCheck=0; autowireCandidate=true; primary=false; factoryBeanName=null; factoryMethodName=null; initMethodName=null; destroyMethodName=null] with [Generic bean: class [org.springframework.boot.autoconfigure.AutoConfigurationPackages$BasePackages]; scope=; abstract=false; lazyInit=false; autowireMode=0; dependencyCheck=0; autowireCandidate=true; primary=false; factoryBeanName=null; factoryMethodName=null; initMethodName=null; destroyMethodName=null] 
3229 [main] INFO  o.s.b.f.a.AutowiredAnnotationBeanPostProcessor - JSR-330 'javax.inject.Inject' annotation found and supported for autowiring 
3275 [main] INFO  o.h.validator.internal.util.Version - HV000001: Hibernate Validator 5.1.1.Final 
3397 [main] INFO  o.s.c.s.PostProcessorRegistrationDelegate$BeanPostProcessorChecker - Bean 'org.springframework.scheduling.annotation.ProxyAsyncConfiguration' of type [class org.springframework.scheduling.annotation.ProxyAsyncConfiguration$$EnhancerBySpringCGLIB$$bdfbc5a6] is not eligible for getting processed by all BeanPostProcessors (for example: not eligible for auto-proxying) 
3586 [main] INFO  o.s.c.s.PostProcessorRegistrationDelegate$BeanPostProcessorChecker - Bean 'org.springframework.transaction.annotation.ProxyTransactionManagementConfiguration' of type [class org.springframework.transaction.annotation.ProxyTransactionManagementConfiguration$$EnhancerBySpringCGLIB$$e6e39905] is not eligible for getting processed by all BeanPostProcessors (for example: not eligible for auto-proxying) 
3609 [main] INFO  o.s.c.s.PostProcessorRegistrationDelegate$BeanPostProcessorChecker - Bean 'transactionAttributeSource' of type [class org.springframework.transaction.annotation.AnnotationTransactionAttributeSource] is not eligible for getting processed by all BeanPostProcessors (for example: not eligible for auto-proxying) 
3621 [main] INFO  o.s.c.s.PostProcessorRegistrationDelegate$BeanPostProcessorChecker - Bean 'transactionInterceptor' of type [class org.springframework.transaction.interceptor.TransactionInterceptor] is not eligible for getting processed by all BeanPostProcessors (for example: not eligible for auto-proxying) 
3628 [main] INFO  o.s.c.s.PostProcessorRegistrationDelegate$BeanPostProcessorChecker - Bean 'org.springframework.transaction.config.internalTransactionAdvisor' of type [class org.springframework.transaction.interceptor.BeanFactoryTransactionAttributeSourceAdvisor] is not eligible for getting processed by all BeanPostProcessors (for example: not eligible for auto-proxying) 
3661 [main] INFO  o.s.c.s.PostProcessorRegistrationDelegate$BeanPostProcessorChecker - Bean 'org.springframework.security.config.annotation.configuration.ObjectPostProcessorConfiguration' of type [class org.springframework.security.config.annotation.configuration.ObjectPostProcessorConfiguration$$EnhancerBySpringCGLIB$$b47e97bf] is not eligible for getting processed by all BeanPostProcessors (for example: not eligible for auto-proxying) 
3680 [main] INFO  o.s.c.s.PostProcessorRegistrationDelegate$BeanPostProcessorChecker - Bean 'objectPostProcessor' of type [class org.springframework.security.config.annotation.configuration.AutowireBeanFactoryObjectPostProcessor] is not eligible for getting processed by all BeanPostProcessors (for example: not eligible for auto-proxying) 
3683 [main] INFO  o.s.c.s.PostProcessorRegistrationDelegate$BeanPostProcessorChecker - Bean 'org.springframework.security.access.expression.method.DefaultMethodSecurityExpressionHandler@74fe5966' of type [class org.springframework.security.access.expression.method.DefaultMethodSecurityExpressionHandler] is not eligible for getting processed by all BeanPostProcessors (for example: not eligible for auto-proxying) 
3726 [main] INFO  o.s.c.s.PostProcessorRegistrationDelegate$BeanPostProcessorChecker - Bean 'org.springframework.boot.autoconfigure.security.SecurityAutoConfiguration' of type [class org.springframework.boot.autoconfigure.security.SecurityAutoConfiguration$$EnhancerBySpringCGLIB$$4614d8ef] is not eligible for getting processed by all BeanPostProcessors (for example: not eligible for auto-proxying) 
3823 [main] INFO  o.s.c.s.PostProcessorRegistrationDelegate$BeanPostProcessorChecker - Bean 'securityProperties' of type [class org.springframework.boot.autoconfigure.security.SecurityProperties] is not eligible for getting processed by all BeanPostProcessors (for example: not eligible for auto-proxying) 
3846 [main] INFO  o.s.c.s.PostProcessorRegistrationDelegate$BeanPostProcessorChecker - Bean 'org.springframework.boot.actuate.autoconfigure.ManagementServerPropertiesAutoConfiguration' of type [class org.springframework.boot.actuate.autoconfigure.ManagementServerPropertiesAutoConfiguration$$EnhancerBySpringCGLIB$$7bc5c4d] is not eligible for getting processed by all BeanPostProcessors (for example: not eligible for auto-proxying) 
3914 [main] INFO  o.s.c.s.PostProcessorRegistrationDelegate$BeanPostProcessorChecker - Bean 'org.hibernate.validator.internal.constraintvalidators.NotNullValidator' of type [class org.hibernate.validator.internal.constraintvalidators.NotNullValidator] is not eligible for getting processed by all BeanPostProcessors (for example: not eligible for auto-proxying) 
3917 [main] INFO  o.s.c.s.PostProcessorRegistrationDelegate$BeanPostProcessorChecker - Bean 'managementServerProperties' of type [class org.springframework.boot.actuate.autoconfigure.ManagementServerProperties] is not eligible for getting processed by all BeanPostProcessors (for example: not eligible for auto-proxying) 
3920 [main] INFO  o.s.c.s.PostProcessorRegistrationDelegate$BeanPostProcessorChecker - Bean 'org.springframework.boot.actuate.autoconfigure.ManagementSecurityAutoConfiguration$ManagementSecurityPropertiesConfiguration' of type [class org.springframework.boot.actuate.autoconfigure.ManagementSecurityAutoConfiguration$ManagementSecurityPropertiesConfiguration$$EnhancerBySpringCGLIB$$a881653f] is not eligible for getting processed by all BeanPostProcessors (for example: not eligible for auto-proxying) 
3944 [main] INFO  o.s.c.s.PostProcessorRegistrationDelegate$BeanPostProcessorChecker - Bean 'org.springframework.boot.autoconfigure.security.AuthenticationManagerConfiguration' of type [class org.springframework.boot.autoconfigure.security.AuthenticationManagerConfiguration$$EnhancerBySpringCGLIB$$9b70c82d] is not eligible for getting processed by all BeanPostProcessors (for example: not eligible for auto-proxying) 
3954 [main] INFO  o.s.c.s.PostProcessorRegistrationDelegate$BeanPostProcessorChecker - Bean 'org.springframework.security.config.annotation.authentication.configuration.AuthenticationConfiguration' of type [class org.springframework.security.config.annotation.authentication.configuration.AuthenticationConfiguration$$EnhancerBySpringCGLIB$$a9c03374] is not eligible for getting processed by all BeanPostProcessors (for example: not eligible for auto-proxying) 
3968 [main] INFO  o.s.c.s.PostProcessorRegistrationDelegate$BeanPostProcessorChecker - Bean 'org.springframework.security.config.annotation.method.configuration.GlobalMethodSecurityConfiguration' of type [class org.springframework.security.config.annotation.method.configuration.GlobalMethodSecurityConfiguration$$EnhancerBySpringCGLIB$$3cb3eef1] is not eligible for getting processed by all BeanPostProcessors (for example: not eligible for auto-proxying) 
3988 [main] INFO  o.s.c.s.PostProcessorRegistrationDelegate$BeanPostProcessorChecker - Bean 'methodSecurityMetadataSource' of type [class org.springframework.security.access.method.DelegatingMethodSecurityMetadataSource] is not eligible for getting processed by all BeanPostProcessors (for example: not eligible for auto-proxying) 
3993 [main] INFO  o.s.c.s.PostProcessorRegistrationDelegate$BeanPostProcessorChecker - Bean 'metaDataSourceAdvisor' of type [class org.springframework.security.access.intercept.aopalliance.MethodSecurityMetadataSourceAdvisor] is not eligible for getting processed by all BeanPostProcessors (for example: not eligible for auto-proxying) 
4307 [main] INFO  o.s.b.c.e.t.TomcatEmbeddedServletContainerFactory - Server initialized with port: 8091 
4491 [main] INFO  o.a.catalina.core.StandardService - Starting service Tomcat 
4492 [main] INFO  o.a.catalina.core.StandardEngine - Starting Servlet Engine: Apache Tomcat/7.0.55 
4635 [localhost-startStop-1] INFO  o.a.c.c.C.[Tomcat].[localhost].[/] - Initializing Spring embedded WebApplicationContext 
4635 [localhost-startStop-1] INFO  o.s.web.context.ContextLoader - Root WebApplicationContext: initialization completed in 3637 ms 
5519 [localhost-startStop-1] INFO  o.s.j.d.e.EmbeddedDatabaseFactory - Creating embedded database 'testdb' 
6244 [localhost-startStop-1] INFO  o.s.b.a.e.m.EndpointHandlerMapping - Mapped "{[/dump],methods=[GET],params=[],headers=[],consumes=[],produces=[],custom=[]}" onto public java.lang.Object org.springframework.boot.actuate.endpoint.mvc.EndpointMvcAdapter.invoke() 
6245 [localhost-startStop-1] INFO  o.s.b.a.e.m.EndpointHandlerMapping - Mapped "{[/metrics/{name:.*}],methods=[GET],params=[],headers=[],consumes=[],produces=[],custom=[]}" onto public java.lang.Object org.springframework.boot.actuate.endpoint.mvc.MetricsMvcEndpoint.value(java.lang.String) 
6245 [localhost-startStop-1] INFO  o.s.b.a.e.m.EndpointHandlerMapping - Mapped "{[/metrics],methods=[GET],params=[],headers=[],consumes=[],produces=[],custom=[]}" onto public java.lang.Object org.springframework.boot.actuate.endpoint.mvc.EndpointMvcAdapter.invoke() 
6245 [localhost-startStop-1] INFO  o.s.b.a.e.m.EndpointHandlerMapping - Mapped "{[/autoconfig],methods=[GET],params=[],headers=[],consumes=[],produces=[],custom=[]}" onto public java.lang.Object org.springframework.boot.actuate.endpoint.mvc.EndpointMvcAdapter.invoke() 
6246 [localhost-startStop-1] INFO  o.s.b.a.e.m.EndpointHandlerMapping - Mapped "{[/beans],methods=[GET],params=[],headers=[],consumes=[],produces=[],custom=[]}" onto public java.lang.Object org.springframework.boot.actuate.endpoint.mvc.EndpointMvcAdapter.invoke() 
6246 [localhost-startStop-1] INFO  o.s.b.a.e.m.EndpointHandlerMapping - Mapped "{[/info],methods=[GET],params=[],headers=[],consumes=[],produces=[],custom=[]}" onto public java.lang.Object org.springframework.boot.actuate.endpoint.mvc.EndpointMvcAdapter.invoke() 
6247 [localhost-startStop-1] INFO  o.s.b.a.e.m.EndpointHandlerMapping - Mapped "{[/env/{name:.*}],methods=[GET],params=[],headers=[],consumes=[],produces=[],custom=[]}" onto public java.lang.Object org.springframework.boot.actuate.endpoint.mvc.EnvironmentMvcEndpoint.value(java.lang.String) 
6247 [localhost-startStop-1] INFO  o.s.b.a.e.m.EndpointHandlerMapping - Mapped "{[/env],methods=[GET],params=[],headers=[],consumes=[],produces=[],custom=[]}" onto public java.lang.Object org.springframework.boot.actuate.endpoint.mvc.EndpointMvcAdapter.invoke() 
6247 [localhost-startStop-1] INFO  o.s.b.a.e.m.EndpointHandlerMapping - Mapped "{[/configprops],methods=[GET],params=[],headers=[],consumes=[],produces=[],custom=[]}" onto public java.lang.Object org.springframework.boot.actuate.endpoint.mvc.EndpointMvcAdapter.invoke() 
6247 [localhost-startStop-1] INFO  o.s.b.a.e.m.EndpointHandlerMapping - Mapped "{[/trace],methods=[GET],params=[],headers=[],consumes=[],produces=[],custom=[]}" onto public java.lang.Object org.springframework.boot.actuate.endpoint.mvc.EndpointMvcAdapter.invoke() 
6248 [localhost-startStop-1] INFO  o.s.b.a.e.m.EndpointHandlerMapping - Mapped "{[/health],methods=[],params=[],headers=[],consumes=[],produces=[],custom=[]}" onto public java.lang.Object org.springframework.boot.actuate.endpoint.mvc.HealthMvcEndpoint.invoke() 
6249 [localhost-startStop-1] INFO  o.s.b.a.e.m.EndpointHandlerMapping - Mapped "{[/mappings],methods=[GET],params=[],headers=[],consumes=[],produces=[],custom=[]}" onto public java.lang.Object org.springframework.boot.actuate.endpoint.mvc.EndpointMvcAdapter.invoke() 
6392 [localhost-startStop-1] INFO  o.s.s.w.DefaultSecurityFilterChain - Creating filter chain: Ant [pattern='/css/**'], [] 
6393 [localhost-startStop-1] INFO  o.s.s.w.DefaultSecurityFilterChain - Creating filter chain: Ant [pattern='/js/**'], [] 
6393 [localhost-startStop-1] INFO  o.s.s.w.DefaultSecurityFilterChain - Creating filter chain: Ant [pattern='/images/**'], [] 
6393 [localhost-startStop-1] INFO  o.s.s.w.DefaultSecurityFilterChain - Creating filter chain: Ant [pattern='/**/favicon.ico'], [] 
6393 [localhost-startStop-1] INFO  o.s.s.w.DefaultSecurityFilterChain - Creating filter chain: Ant [pattern='/info'], [] 
6393 [localhost-startStop-1] INFO  o.s.s.w.DefaultSecurityFilterChain - Creating filter chain: Ant [pattern='/health'], [] 
6393 [localhost-startStop-1] INFO  o.s.s.w.DefaultSecurityFilterChain - Creating filter chain: Ant [pattern='/error'], [] 
6393 [localhost-startStop-1] INFO  o.s.s.w.DefaultSecurityFilterChain - Creating filter chain: Ant [pattern='/assets/**'], [] 
6393 [localhost-startStop-1] INFO  o.s.s.w.DefaultSecurityFilterChain - Creating filter chain: Ant [pattern='/css/**'], [] 
6393 [localhost-startStop-1] INFO  o.s.s.w.DefaultSecurityFilterChain - Creating filter chain: Ant [pattern='/js/**'], [] 
6393 [localhost-startStop-1] INFO  o.s.s.w.DefaultSecurityFilterChain - Creating filter chain: Ant [pattern='/images/**'], [] 
6438 [localhost-startStop-1] INFO  o.s.s.w.DefaultSecurityFilterChain - Creating filter chain: org.springframework.security.web.util.matcher.AnyRequestMatcher@1, [org.springframework.security.web.context.request.async.WebAsyncManagerIntegrationFilter@1022083c, org.springframework.security.web.context.SecurityContextPersistenceFilter@2da20896, org.springframework.security.web.header.HeaderWriterFilter@5fecd068, org.springframework.security.web.csrf.CsrfFilter@6554e921, org.springframework.security.web.authentication.logout.LogoutFilter@11bbd827, org.springframework.security.web.authentication.UsernamePasswordAuthenticationFilter@1c151c98, org.springframework.security.web.authentication.ui.DefaultLoginPageGeneratingFilter@64b84c48, org.springframework.security.web.authentication.www.BasicAuthenticationFilter@74d32a39, org.springframework.security.web.savedrequest.RequestCacheAwareFilter@67c5bbee, org.springframework.security.web.servletapi.SecurityContextHolderAwareRequestFilter@4299ba07, org.springframework.security.web.authentication.AnonymousAuthenticationFilter@3432ebea, org.springframework.security.web.session.SessionManagementFilter@7b2c9367, org.springframework.security.web.access.ExceptionTranslationFilter@3dfe5c10, org.springframework.security.web.access.intercept.FilterSecurityInterceptor@453d7756] 
6444 [localhost-startStop-1] INFO  o.s.s.w.DefaultSecurityFilterChain - Creating filter chain: org.springframework.security.web.util.matcher.AnyRequestMatcher@1, [org.springframework.security.web.context.request.async.WebAsyncManagerIntegrationFilter@7fcdde35, org.springframework.security.web.context.SecurityContextPersistenceFilter@511f6e9d, org.springframework.security.web.header.HeaderWriterFilter@6012cc0c, org.springframework.security.web.csrf.CsrfFilter@4c232f99, org.springframework.security.web.authentication.logout.LogoutFilter@29b50176, org.springframework.security.web.authentication.UsernamePasswordAuthenticationFilter@797c410c, org.springframework.security.web.savedrequest.RequestCacheAwareFilter@753d3929, org.springframework.security.web.servletapi.SecurityContextHolderAwareRequestFilter@339e92e, org.springframework.security.web.authentication.AnonymousAuthenticationFilter@28b76670, org.springframework.security.web.session.SessionManagementFilter@495c671, org.springframework.security.web.access.ExceptionTranslationFilter@65d83bcc, org.springframework.security.web.access.intercept.FilterSecurityInterceptor@7a449334] 
6449 [localhost-startStop-1] INFO  o.s.s.w.DefaultSecurityFilterChain - Creating filter chain: org.springframework.security.web.util.matcher.AnyRequestMatcher@1, [org.springframework.security.web.context.request.async.WebAsyncManagerIntegrationFilter@25d93503, org.springframework.security.web.context.SecurityContextPersistenceFilter@761e4aba, org.springframework.security.web.header.HeaderWriterFilter@26e78ee0, org.springframework.security.web.csrf.CsrfFilter@e3045d3, org.springframework.security.web.authentication.logout.LogoutFilter@199816e3, org.springframework.security.web.authentication.UsernamePasswordAuthenticationFilter@410f68e0, org.springframework.security.web.savedrequest.RequestCacheAwareFilter@1db78e87, org.springframework.security.web.servletapi.SecurityContextHolderAwareRequestFilter@73d935f, org.springframework.security.web.authentication.AnonymousAuthenticationFilter@530995bf, org.springframework.security.web.session.SessionManagementFilter@7a8c96e5, org.springframework.security.web.access.ExceptionTranslationFilter@4605b8f6, org.springframework.security.web.access.intercept.FilterSecurityInterceptor@60ef507a] 
6455 [localhost-startStop-1] INFO  o.s.s.w.DefaultSecurityFilterChain - Creating filter chain: OrRequestMatcher [requestMatchers=[Ant [pattern='/dump'], Ant [pattern='/dump/'], Ant [pattern='/dump.*'], Ant [pattern='/metrics'], Ant [pattern='/metrics/'], Ant [pattern='/metrics.*'], Ant [pattern='/autoconfig'], Ant [pattern='/autoconfig/'], Ant [pattern='/autoconfig.*'], Ant [pattern='/beans'], Ant [pattern='/beans/'], Ant [pattern='/beans.*'], Ant [pattern='/env'], Ant [pattern='/env/'], Ant [pattern='/env.*'], Ant [pattern='/configprops'], Ant [pattern='/configprops/'], Ant [pattern='/configprops.*'], Ant [pattern='/trace'], Ant [pattern='/trace/'], Ant [pattern='/trace.*'], Ant [pattern='/mappings'], Ant [pattern='/mappings/'], Ant [pattern='/mappings.*']]], [org.springframework.security.web.context.request.async.WebAsyncManagerIntegrationFilter@4b974aff, org.springframework.security.web.context.SecurityContextPersistenceFilter@3dcf39d6, org.springframework.security.web.header.HeaderWriterFilter@73a191c1, org.springframework.security.web.authentication.logout.LogoutFilter@1d5287b8, org.springframework.security.web.authentication.www.BasicAuthenticationFilter@2a03de86, org.springframework.security.web.savedrequest.RequestCacheAwareFilter@6a80f677, org.springframework.security.web.servletapi.SecurityContextHolderAwareRequestFilter@15504d7f, org.springframework.security.web.session.SessionManagementFilter@715f2abf, org.springframework.security.web.access.ExceptionTranslationFilter@239e90c8, org.springframework.security.web.access.intercept.FilterSecurityInterceptor@2365e215] 
6639 [localhost-startStop-1] INFO  o.s.b.c.e.ServletRegistrationBean - Mapping servlet: 'dispatcherServlet' to [/] 
6642 [localhost-startStop-1] INFO  o.s.b.c.e.FilterRegistrationBean - Mapping filter: 'metricFilter' to: [/*] 
6642 [localhost-startStop-1] INFO  o.s.b.c.e.FilterRegistrationBean - Mapping filter: 'springSecurityFilterChain' to: [/*] 
6642 [localhost-startStop-1] INFO  o.s.b.c.e.FilterRegistrationBean - Mapping filter: 'applicationContextIdFilter' to: [/*] 
6642 [localhost-startStop-1] INFO  o.s.b.c.e.FilterRegistrationBean - Mapping filter: 'webRequestLoggingFilter' to: [/*] 
7372 [main] INFO  o.s.w.s.m.m.a.RequestMappingHandlerMapping - Mapped "{[/api/appContext],methods=[GET],params=[],headers=[],consumes=[],produces=[],custom=[]}" onto public org.springframework.http.ResponseEntity<java.lang.String> pl.java.scalatech.controller.HealthController.appContext() 
7372 [main] INFO  o.s.w.s.m.m.a.RequestMappingHandlerMapping - Mapped "{[/api/ping],methods=[GET],params=[],headers=[],consumes=[],produces=[],custom=[]}" onto org.springframework.http.ResponseEntity<java.lang.String> pl.java.scalatech.controller.HealthController.ping() 
7375 [main] INFO  o.s.w.s.m.m.a.RequestMappingHandlerMapping - Mapped "{[/api/user/hateoas/{id}],methods=[GET],params=[],headers=[],consumes=[],produces=[application/json],custom=[]}" onto public org.springframework.http.ResponseEntity<?> pl.java.scalatech.controller.UserController.getUserById(java.lang.String,java.util.Locale) 
7375 [main] INFO  o.s.w.s.m.m.a.RequestMappingHandlerMapping - Mapped "{[/api/user/domain/{id}],methods=[],params=[],headers=[],consumes=[],produces=[application/json],custom=[]}" onto public pl.java.scalatech.domain.User pl.java.scalatech.controller.UserController.showUserForm(pl.java.scalatech.domain.User,org.springframework.ui.Model) 
7375 [main] INFO  o.s.w.s.m.m.a.RequestMappingHandlerMapping - Mapped "{[/api/user],methods=[POST],params=[],headers=[],consumes=[application/json],produces=[application/json],custom=[]}" onto public org.springframework.http.HttpEntity<java.lang.Void> pl.java.scalatech.controller.CrudController.createResource(T) 
7375 [main] INFO  o.s.w.s.m.m.a.RequestMappingHandlerMapping - Mapped "{[/api/user/{id:\d+}],methods=[DELETE],params=[],headers=[],consumes=[],produces=[application/json],custom=[]}" onto public org.springframework.http.ResponseEntity<java.lang.Void> pl.java.scalatech.controller.CrudController.deleteCategoryById(K) 
7375 [main] INFO  o.s.w.s.m.m.a.RequestMappingHandlerMapping - Mapped "{[/api/user/{id:\d+}],methods=[PUT],params=[],headers=[],consumes=[application/json],produces=[application/json],custom=[]}" onto public org.springframework.http.ResponseEntity<?> pl.java.scalatech.controller.CrudController.updateResource(K,T) 
7376 [main] INFO  o.s.w.s.m.m.a.RequestMappingHandlerMapping - Mapped "{[/api/user/**],methods=[OPTIONS],params=[],headers=[],consumes=[],produces=[application/json],custom=[]}" onto public org.springframework.http.HttpEntity<?> pl.java.scalatech.controller.CrudController.handleOptionsRequest() 
7376 [main] INFO  o.s.w.s.m.m.a.RequestMappingHandlerMapping - Mapped "{[/api/user/{id}],methods=[GET],params=[],headers=[],consumes=[],produces=[application/json],custom=[]}" onto public org.springframework.http.ResponseEntity<?> pl.java.scalatech.controller.CrudController.getResourceById(K,java.util.Optional<java.util.Map<java.lang.String, java.lang.String>>) 
7376 [main] INFO  o.s.w.s.m.m.a.RequestMappingHandlerMapping - Mapped "{[/api/user],methods=[GET],params=[],headers=[],consumes=[],produces=[application/json],custom=[]}" onto public org.springframework.http.ResponseEntity<org.springframework.hateoas.PagedResources<org.springframework.hateoas.Resource<T>>> pl.java.scalatech.controller.CrudController.getResources(org.springframework.data.domain.Pageable,org.springframework.data.web.PagedResourcesAssembler<T>) 
7377 [main] INFO  o.s.w.s.m.m.a.RequestMappingHandlerMapping - Mapped "{[/api/role],methods=[POST],params=[],headers=[],consumes=[application/json],produces=[application/json],custom=[]}" onto public org.springframework.http.HttpEntity<java.lang.Void> pl.java.scalatech.controller.CrudController.createResource(T) 
7377 [main] INFO  o.s.w.s.m.m.a.RequestMappingHandlerMapping - Mapped "{[/api/role/{id:\d+}],methods=[DELETE],params=[],headers=[],consumes=[],produces=[application/json],custom=[]}" onto public org.springframework.http.ResponseEntity<java.lang.Void> pl.java.scalatech.controller.CrudController.deleteCategoryById(K) 
7377 [main] INFO  o.s.w.s.m.m.a.RequestMappingHandlerMapping - Mapped "{[/api/role/{id:\d+}],methods=[PUT],params=[],headers=[],consumes=[application/json],produces=[application/json],custom=[]}" onto public org.springframework.http.ResponseEntity<?> pl.java.scalatech.controller.CrudController.updateResource(K,T) 
7378 [main] INFO  o.s.w.s.m.m.a.RequestMappingHandlerMapping - Mapped "{[/api/role/**],methods=[OPTIONS],params=[],headers=[],consumes=[],produces=[application/json],custom=[]}" onto public org.springframework.http.HttpEntity<?> pl.java.scalatech.controller.CrudController.handleOptionsRequest() 
7378 [main] INFO  o.s.w.s.m.m.a.RequestMappingHandlerMapping - Mapped "{[/api/role/{id}],methods=[GET],params=[],headers=[],consumes=[],produces=[application/json],custom=[]}" onto public org.springframework.http.ResponseEntity<?> pl.java.scalatech.controller.CrudController.getResourceById(K,java.util.Optional<java.util.Map<java.lang.String, java.lang.String>>) 
7378 [main] INFO  o.s.w.s.m.m.a.RequestMappingHandlerMapping - Mapped "{[/api/role],methods=[GET],params=[],headers=[],consumes=[],produces=[application/json],custom=[]}" onto public org.springframework.http.ResponseEntity<org.springframework.hateoas.PagedResources<org.springframework.hateoas.Resource<T>>> pl.java.scalatech.controller.CrudController.getResources(org.springframework.data.domain.Pageable,org.springframework.data.web.PagedResourcesAssembler<T>) 
7381 [main] INFO  o.s.w.s.m.m.a.RequestMappingHandlerMapping - Mapped "{[/error],methods=[],params=[],headers=[],consumes=[],produces=[text/html],custom=[]}" onto public org.springframework.web.servlet.ModelAndView org.springframework.boot.autoconfigure.web.BasicErrorController.errorHtml(javax.servlet.http.HttpServletRequest) 
7381 [main] INFO  o.s.w.s.m.m.a.RequestMappingHandlerMapping - Mapped "{[/error],methods=[],params=[],headers=[],consumes=[],produces=[],custom=[]}" onto public org.springframework.http.ResponseEntity<java.util.Map<java.lang.String, java.lang.Object>> org.springframework.boot.autoconfigure.web.BasicErrorController.error(javax.servlet.http.HttpServletRequest) 
7398 [main] INFO  o.s.w.s.h.SimpleUrlHandlerMapping - Mapped URL path [/login] onto handler of type [class org.springframework.web.servlet.mvc.ParameterizableViewController] 
7398 [main] INFO  o.s.w.s.h.SimpleUrlHandlerMapping - Mapped URL path [/welcome] onto handler of type [class org.springframework.web.servlet.mvc.ParameterizableViewController] 
7398 [main] INFO  o.s.w.s.h.SimpleUrlHandlerMapping - Mapped URL path [/logout] onto handler of type [class org.springframework.web.servlet.mvc.ParameterizableViewController] 
7412 [main] INFO  o.s.w.s.h.SimpleUrlHandlerMapping - Mapped URL path [/images/**] onto handler of type [class org.springframework.web.servlet.resource.ResourceHttpRequestHandler] 
7412 [main] INFO  o.s.w.s.h.SimpleUrlHandlerMapping - Mapped URL path [/js/**] onto handler of type [class org.springframework.web.servlet.resource.ResourceHttpRequestHandler] 
7412 [main] INFO  o.s.w.s.h.SimpleUrlHandlerMapping - Mapped URL path [/assets/**] onto handler of type [class org.springframework.web.servlet.resource.ResourceHttpRequestHandler] 
7412 [main] INFO  o.s.w.s.h.SimpleUrlHandlerMapping - Mapped URL path [/css/**] onto handler of type [class org.springframework.web.servlet.resource.ResourceHttpRequestHandler] 
7530 [main] INFO  o.s.w.s.m.m.a.RequestMappingHandlerAdapter - Looking for @ControllerAdvice: org.springframework.boot.context.embedded.AnnotationConfigEmbeddedWebApplicationContext@50eac852: startup date [Fri Oct 10 15:42:25 CEST 2014]; root of context hierarchy 
8126 [main] INFO  o.s.j.e.a.AnnotationMBeanExporter - Registering beans for JMX exposure on startup 
8132 [main] INFO  o.s.b.a.e.jmx.EndpointMBeanExporter - Registering beans for JMX exposure on startup 
8137 [main] INFO  o.s.c.s.DefaultLifecycleProcessor - Starting beans in phase 0 
8140 [main] INFO  o.s.b.a.e.jmx.EndpointMBeanExporter - Located managed bean 'requestMappingEndpoint': registering with JMX server as MBean [org.springframework.boot:type=Endpoint,name=requestMappingEndpoint] 
8171 [main] INFO  o.s.b.a.e.jmx.EndpointMBeanExporter - Located managed bean 'environmentEndpoint': registering with JMX server as MBean [org.springframework.boot:type=Endpoint,name=environmentEndpoint] 
8179 [main] INFO  o.s.b.a.e.jmx.EndpointMBeanExporter - Located managed bean 'healthEndpoint': registering with JMX server as MBean [org.springframework.boot:type=Endpoint,name=healthEndpoint] 
8184 [main] INFO  o.s.b.a.e.jmx.EndpointMBeanExporter - Located managed bean 'beansEndpoint': registering with JMX server as MBean [org.springframework.boot:type=Endpoint,name=beansEndpoint] 
8187 [main] INFO  o.s.b.a.e.jmx.EndpointMBeanExporter - Located managed bean 'infoEndpoint': registering with JMX server as MBean [org.springframework.boot:type=Endpoint,name=infoEndpoint] 
8191 [main] INFO  o.s.b.a.e.jmx.EndpointMBeanExporter - Located managed bean 'metricsEndpoint': registering with JMX server as MBean [org.springframework.boot:type=Endpoint,name=metricsEndpoint] 
8195 [main] INFO  o.s.b.a.e.jmx.EndpointMBeanExporter - Located managed bean 'traceEndpoint': registering with JMX server as MBean [org.springframework.boot:type=Endpoint,name=traceEndpoint] 
8198 [main] INFO  o.s.b.a.e.jmx.EndpointMBeanExporter - Located managed bean 'dumpEndpoint': registering with JMX server as MBean [org.springframework.boot:type=Endpoint,name=dumpEndpoint] 
8206 [main] INFO  o.s.b.a.e.jmx.EndpointMBeanExporter - Located managed bean 'autoConfigurationAuditEndpoint': registering with JMX server as MBean [org.springframework.boot:type=Endpoint,name=autoConfigurationAuditEndpoint] 
8211 [main] INFO  o.s.b.a.e.jmx.EndpointMBeanExporter - Located managed bean 'shutdownEndpoint': registering with JMX server as MBean [org.springframework.boot:type=Endpoint,name=shutdownEndpoint] 
8219 [main] INFO  o.s.b.a.e.jmx.EndpointMBeanExporter - Located managed bean 'configurationPropertiesReportEndpoint': registering with JMX server as MBean [org.springframework.boot:type=Endpoint,name=configurationPropertiesReportEndpoint] 
8233 [main] INFO  o.a.coyote.http11.Http11NioProtocol - Initializing ProtocolHandler ["http-nio-8091"] 
8245 [main] INFO  o.a.coyote.http11.Http11NioProtocol - Starting ProtocolHandler ["http-nio-8091"] 
8253 [main] ERROR o.a.coyote.http11.Http11NioProtocol - Failed to start end point associated with ProtocolHandler ["http-nio-8091"] 
java.net.BindException: Adres jest już w użyciu
	at sun.nio.ch.Net.bind0(Native Method) ~[na:1.8.0_20]
	at sun.nio.ch.Net.bind(Net.java:436) ~[na:1.8.0_20]
	at sun.nio.ch.Net.bind(Net.java:428) ~[na:1.8.0_20]
	at sun.nio.ch.ServerSocketChannelImpl.bind(ServerSocketChannelImpl.java:214) ~[na:1.8.0_20]
	at sun.nio.ch.ServerSocketAdaptor.bind(ServerSocketAdaptor.java:74) ~[na:1.8.0_20]
	at org.apache.tomcat.util.net.NioEndpoint.bind(NioEndpoint.java:473) ~[tomcat-embed-core-7.0.55.jar:7.0.55]
	at org.apache.tomcat.util.net.AbstractEndpoint.start(AbstractEndpoint.java:653) ~[tomcat-embed-core-7.0.55.jar:7.0.55]
	at org.apache.coyote.AbstractProtocol.start(AbstractProtocol.java:449) ~[tomcat-embed-core-7.0.55.jar:7.0.55]
	at org.apache.catalina.connector.Connector.startInternal(Connector.java:1007) [tomcat-embed-core-7.0.55.jar:7.0.55]
	at org.apache.catalina.util.LifecycleBase.start(LifecycleBase.java:150) [tomcat-embed-core-7.0.55.jar:7.0.55]
	at org.apache.catalina.core.StandardService.addConnector(StandardService.java:241) [tomcat-embed-core-7.0.55.jar:7.0.55]
	at org.springframework.boot.context.embedded.tomcat.TomcatEmbeddedServletContainer.addPreviouslyRemovedConnectors(TomcatEmbeddedServletContainer.java:181) [spring-boot-1.1.7.RELEASE.jar:1.1.7.RELEASE]
	at org.springframework.boot.context.embedded.tomcat.TomcatEmbeddedServletContainer.start(TomcatEmbeddedServletContainer.java:144) [spring-boot-1.1.7.RELEASE.jar:1.1.7.RELEASE]
	at org.springframework.boot.context.embedded.EmbeddedWebApplicationContext.startEmbeddedServletContainer(EmbeddedWebApplicationContext.java:272) [spring-boot-1.1.7.RELEASE.jar:1.1.7.RELEASE]
	at org.springframework.boot.context.embedded.EmbeddedWebApplicationContext.finishRefresh(EmbeddedWebApplicationContext.java:132) [spring-boot-1.1.7.RELEASE.jar:1.1.7.RELEASE]
	at org.springframework.context.support.AbstractApplicationContext.refresh(AbstractApplicationContext.java:483) [spring-context-4.1.1.RELEASE.jar:4.1.1.RELEASE]
	at org.springframework.boot.context.embedded.EmbeddedWebApplicationContext.refresh(EmbeddedWebApplicationContext.java:109) [spring-boot-1.1.7.RELEASE.jar:1.1.7.RELEASE]
	at org.springframework.boot.SpringApplication.refresh(SpringApplication.java:691) [spring-boot-1.1.7.RELEASE.jar:1.1.7.RELEASE]
	at org.springframework.boot.SpringApplication.run(SpringApplication.java:320) [spring-boot-1.1.7.RELEASE.jar:1.1.7.RELEASE]
	at org.springframework.boot.SpringApplication.run(SpringApplication.java:952) [spring-boot-1.1.7.RELEASE.jar:1.1.7.RELEASE]
	at org.springframework.boot.SpringApplication.run(SpringApplication.java:941) [spring-boot-1.1.7.RELEASE.jar:1.1.7.RELEASE]
	at pl.java.scalatech.SecurityKataApp.main(SecurityKataApp.java:46) [bin/:na]
8255 [main] ERROR o.a.catalina.core.StandardService - Failed to start connector [Connector[org.apache.coyote.http11.Http11NioProtocol-8091]] 
org.apache.catalina.LifecycleException: Failed to start component [Connector[org.apache.coyote.http11.Http11NioProtocol-8091]]
	at org.apache.catalina.util.LifecycleBase.start(LifecycleBase.java:154) ~[tomcat-embed-core-7.0.55.jar:7.0.55]
	at org.apache.catalina.core.StandardService.addConnector(StandardService.java:241) ~[tomcat-embed-core-7.0.55.jar:7.0.55]
	at org.springframework.boot.context.embedded.tomcat.TomcatEmbeddedServletContainer.addPreviouslyRemovedConnectors(TomcatEmbeddedServletContainer.java:181) [spring-boot-1.1.7.RELEASE.jar:1.1.7.RELEASE]
	at org.springframework.boot.context.embedded.tomcat.TomcatEmbeddedServletContainer.start(TomcatEmbeddedServletContainer.java:144) [spring-boot-1.1.7.RELEASE.jar:1.1.7.RELEASE]
	at org.springframework.boot.context.embedded.EmbeddedWebApplicationContext.startEmbeddedServletContainer(EmbeddedWebApplicationContext.java:272) [spring-boot-1.1.7.RELEASE.jar:1.1.7.RELEASE]
	at org.springframework.boot.context.embedded.EmbeddedWebApplicationContext.finishRefresh(EmbeddedWebApplicationContext.java:132) [spring-boot-1.1.7.RELEASE.jar:1.1.7.RELEASE]
	at org.springframework.context.support.AbstractApplicationContext.refresh(AbstractApplicationContext.java:483) [spring-context-4.1.1.RELEASE.jar:4.1.1.RELEASE]
	at org.springframework.boot.context.embedded.EmbeddedWebApplicationContext.refresh(EmbeddedWebApplicationContext.java:109) [spring-boot-1.1.7.RELEASE.jar:1.1.7.RELEASE]
	at org.springframework.boot.SpringApplication.refresh(SpringApplication.java:691) [spring-boot-1.1.7.RELEASE.jar:1.1.7.RELEASE]
	at org.springframework.boot.SpringApplication.run(SpringApplication.java:320) [spring-boot-1.1.7.RELEASE.jar:1.1.7.RELEASE]
	at org.springframework.boot.SpringApplication.run(SpringApplication.java:952) [spring-boot-1.1.7.RELEASE.jar:1.1.7.RELEASE]
	at org.springframework.boot.SpringApplication.run(SpringApplication.java:941) [spring-boot-1.1.7.RELEASE.jar:1.1.7.RELEASE]
	at pl.java.scalatech.SecurityKataApp.main(SecurityKataApp.java:46) [bin/:na]
Caused by: org.apache.catalina.LifecycleException: service.getName(): "Tomcat";  Protocol handler start failed
	at org.apache.catalina.connector.Connector.startInternal(Connector.java:1014) ~[tomcat-embed-core-7.0.55.jar:7.0.55]
	at org.apache.catalina.util.LifecycleBase.start(LifecycleBase.java:150) ~[tomcat-embed-core-7.0.55.jar:7.0.55]
	... 12 common frames omitted
Caused by: java.net.BindException: Adres jest już w użyciu
	at sun.nio.ch.Net.bind0(Native Method) ~[na:1.8.0_20]
	at sun.nio.ch.Net.bind(Net.java:436) ~[na:1.8.0_20]
	at sun.nio.ch.Net.bind(Net.java:428) ~[na:1.8.0_20]
	at sun.nio.ch.ServerSocketChannelImpl.bind(ServerSocketChannelImpl.java:214) ~[na:1.8.0_20]
	at sun.nio.ch.ServerSocketAdaptor.bind(ServerSocketAdaptor.java:74) ~[na:1.8.0_20]
	at org.apache.tomcat.util.net.NioEndpoint.bind(NioEndpoint.java:473) ~[tomcat-embed-core-7.0.55.jar:7.0.55]
	at org.apache.tomcat.util.net.AbstractEndpoint.start(AbstractEndpoint.java:653) ~[tomcat-embed-core-7.0.55.jar:7.0.55]
	at org.apache.coyote.AbstractProtocol.start(AbstractProtocol.java:449) ~[tomcat-embed-core-7.0.55.jar:7.0.55]
	at org.apache.catalina.connector.Connector.startInternal(Connector.java:1007) ~[tomcat-embed-core-7.0.55.jar:7.0.55]
	... 13 common frames omitted
8265 [main] INFO  o.s.b.c.e.t.TomcatEmbeddedServletContainer - Tomcat started on port(s): -1/http 
8265 [main] INFO  o.a.coyote.http11.Http11NioProtocol - Pausing ProtocolHandler ["http-nio-8091"] 
8265 [main] INFO  o.a.catalina.core.StandardService - Stopping service Tomcat 
8268 [localhost-startStop-1] ERROR o.a.c.loader.WebappClassLoader - The web application [] appears to have started a thread named [cluster-1-127.0.0.1:27017] but has failed to stop it. This is very likely to create a memory leak. 
8269 [localhost-startStop-1] ERROR o.a.c.loader.WebappClassLoader - The web application [] appears to have started a thread named [MongoCleaner205885418] but has failed to stop it. This is very likely to create a memory leak. 
8269 [localhost-startStop-1] ERROR o.a.c.loader.WebappClassLoader - The web application [] appears to have started a thread named [cluster-2-127.0.0.1:27017] but has failed to stop it. This is very likely to create a memory leak. 
8269 [localhost-startStop-1] ERROR o.a.c.loader.WebappClassLoader - The web application [] appears to have started a thread named [MongoCleaner718900111] but has failed to stop it. This is very likely to create a memory leak. 
8272 [main] INFO  o.a.catalina.util.LifecycleBase - The stop() method was called on component [StandardServer[-1]] after stop() had already been called. The second call will be ignored. 
8273 [main] INFO  o.a.coyote.http11.Http11NioProtocol - Stopping ProtocolHandler ["http-nio-8091"] 
8273 [main] WARN  o.a.catalina.util.LifecycleBase - Calling stop() on failed component [Connector[org.apache.coyote.http11.Http11NioProtocol-8091]] to trigger clean-up did not complete. 
org.apache.catalina.LifecycleException: Failed to stop component [Connector[org.apache.coyote.http11.Http11NioProtocol-8091]]
	at org.apache.catalina.util.LifecycleBase.stop(LifecycleBase.java:236) [tomcat-embed-core-7.0.55.jar:7.0.55]
	at org.apache.catalina.util.LifecycleBase.destroy(LifecycleBase.java:272) [tomcat-embed-core-7.0.55.jar:7.0.55]
	at org.apache.catalina.core.StandardService.destroyInternal(StandardService.java:578) [tomcat-embed-core-7.0.55.jar:7.0.55]
	at org.apache.catalina.util.LifecycleBase.destroy(LifecycleBase.java:305) [tomcat-embed-core-7.0.55.jar:7.0.55]
	at org.apache.catalina.core.StandardServer.destroyInternal(StandardServer.java:829) [tomcat-embed-core-7.0.55.jar:7.0.55]
	at org.apache.catalina.util.LifecycleBase.destroy(LifecycleBase.java:305) [tomcat-embed-core-7.0.55.jar:7.0.55]
	at org.apache.catalina.startup.Tomcat.destroy(Tomcat.java:361) [tomcat-embed-core-7.0.55.jar:7.0.55]
	at org.springframework.boot.context.embedded.tomcat.TomcatEmbeddedServletContainer.stop(TomcatEmbeddedServletContainer.java:235) [spring-boot-1.1.7.RELEASE.jar:1.1.7.RELEASE]
	at org.springframework.boot.context.embedded.EmbeddedWebApplicationContext.stopAndReleaseEmbeddedServletContainer(EmbeddedWebApplicationContext.java:279) [spring-boot-1.1.7.RELEASE.jar:1.1.7.RELEASE]
	at org.springframework.boot.context.embedded.EmbeddedWebApplicationContext.refresh(EmbeddedWebApplicationContext.java:112) [spring-boot-1.1.7.RELEASE.jar:1.1.7.RELEASE]
	at org.springframework.boot.SpringApplication.refresh(SpringApplication.java:691) [spring-boot-1.1.7.RELEASE.jar:1.1.7.RELEASE]
	at org.springframework.boot.SpringApplication.run(SpringApplication.java:320) [spring-boot-1.1.7.RELEASE.jar:1.1.7.RELEASE]
	at org.springframework.boot.SpringApplication.run(SpringApplication.java:952) [spring-boot-1.1.7.RELEASE.jar:1.1.7.RELEASE]
	at org.springframework.boot.SpringApplication.run(SpringApplication.java:941) [spring-boot-1.1.7.RELEASE.jar:1.1.7.RELEASE]
	at pl.java.scalatech.SecurityKataApp.main(SecurityKataApp.java:46) [bin/:na]
Caused by: org.apache.catalina.LifecycleException: An invalid Lifecycle transition was attempted ([before_stop]) for component [org.apache.catalina.connector.MapperListener@35b17c06] in state [INITIALIZED]
	at org.apache.catalina.util.LifecycleBase.invalidTransition(LifecycleBase.java:409) [tomcat-embed-core-7.0.55.jar:7.0.55]
	at org.apache.catalina.util.LifecycleBase.stop(LifecycleBase.java:219) [tomcat-embed-core-7.0.55.jar:7.0.55]
	at org.apache.catalina.connector.Connector.stopInternal(Connector.java:1041) ~[tomcat-embed-core-7.0.55.jar:7.0.55]
	at org.apache.catalina.util.LifecycleBase.stop(LifecycleBase.java:232) [tomcat-embed-core-7.0.55.jar:7.0.55]
	... 14 common frames omitted
8274 [main] INFO  o.a.coyote.http11.Http11NioProtocol - Destroying ProtocolHandler ["http-nio-8091"] 
8276 [main] INFO  o.s.b.l.ClasspathLoggingApplicationListener - Application failed to start with classpath: [file:/home/przodownik/blog/springSecurityKata/bin/, file:/home/przodownik/.gradle/caches/modules-2/files-2.1/aopalliance/aopalliance/1.0/235ba8b489512805ac13a8f9ea77a1ca5ebe3e8/aopalliance-1.0.jar, file:/home/przodownik/.gradle/caches/modules-2/files-2.1/ch.qos.logback/logback-classic/1.1.2/b316e9737eea25e9ddd6d88eaeee76878045c6b2/logback-classic-1.1.2.jar, file:/home/przodownik/.gradle/caches/modules-2/files-2.1/ch.qos.logback/logback-core/1.1.2/2d23694879c2c12f125dac5076bdfd5d771cc4cb/logback-core-1.1.2.jar, file:/home/przodownik/.gradle/caches/modules-2/files-2.1/com.fasterxml.jackson.core/jackson-annotations/2.3.0/f5e853a20b60758922453d56f9ae1e64af5cb3da/jackson-annotations-2.3.0.jar, file:/home/przodownik/.gradle/caches/modules-2/files-2.1/com.fasterxml.jackson.core/jackson-core/2.3.4/801fecfb8baf0ba5296e2d2ea0664f72b0761b9a/jackson-core-2.3.4.jar, file:/home/przodownik/.gradle/caches/modules-2/files-2.1/com.fasterxml.jackson.core/jackson-databind/2.3.4/c9478f1871de4c9cf723e5d497a14c7ad274a50b/jackson-databind-2.3.4.jar, file:/home/przodownik/.gradle/caches/modules-2/files-2.1/com.fasterxml/classmate/1.0.0/434efef28c81162b17c540e634cffa3bd9b09b4c/classmate-1.0.0.jar, file:/home/przodownik/.gradle/caches/modules-2/files-2.1/com.google.code.findbugs/jsr305/1.3.9/40719ea6961c0cb6afaeb6a921eaa1f6afd4cfdf/jsr305-1.3.9.jar, file:/home/przodownik/.gradle/caches/modules-2/files-2.1/com.google.code.gson/gson/2.2.4/a60a5e993c98c864010053cb901b7eab25306568/gson-2.2.4.jar, file:/home/przodownik/.gradle/caches/modules-2/files-2.1/com.google.guava/guava/16.0.1/5fa98cd1a63c99a44dd8d3b77e4762b066a5d0c5/guava-16.0.1.jar, file:/home/przodownik/.gradle/caches/modules-2/files-2.1/com.googlecode.catch-exception/catch-exception/1.2.0/f2d1a395d91b4c024b9cc6a0946cfb10199df0a0/catch-exception-1.2.0.jar, file:/home/przodownik/.gradle/caches/modules-2/files-2.1/com.infradna.tool/bridge-method-annotation/1.13/18cdce50cde6f54ee5390d0907384f72183ff0fe/bridge-method-annotation-1.13.jar, file:/home/przodownik/.gradle/caches/modules-2/files-2.1/com.jayway.jsonpath/json-path/0.9.1/1a198cf545b2656656fecda5add3ba436e715185/json-path-0.9.1.jar, file:/home/przodownik/.gradle/caches/modules-2/files-2.1/com.jayway.restassured/json-path/2.3.3/636dd57bca53a660fb47df2fb9d678d54309cd3a/json-path-2.3.3.jar, file:/home/przodownik/.gradle/caches/modules-2/files-2.1/com.jayway.restassured/rest-assured-common/2.3.3/574aeeb7c3e964780bf8fe1f05b41dec18d57c0e/rest-assured-common-2.3.3.jar, file:/home/przodownik/.gradle/caches/modules-2/files-2.1/com.jayway.restassured/rest-assured/2.3.3/bd6a4758a94b0c5a6d6379b6d5883a2d6596d186/rest-assured-2.3.3.jar, file:/home/przodownik/.gradle/caches/modules-2/files-2.1/com.jayway.restassured/xml-path/2.3.3/2bd1b37d0233af56fea9ca1e295518f2a2539487/xml-path-2.3.3.jar, file:/home/przodownik/.gradle/caches/modules-2/files-2.1/com.mysema.codegen/codegen/0.6.3/31c889c40118024e9206bfc4bf2969c8814b21f7/codegen-0.6.3.jar, file:/home/przodownik/.gradle/caches/modules-2/files-2.1/com.mysema.commons/mysema-commons-lang/0.2.4/d09c8489d54251a6c22fbce804bdd4a070557317/mysema-commons-lang-0.2.4.jar, file:/home/przodownik/.gradle/caches/modules-2/files-2.1/com.mysema.querydsl/querydsl-apt/3.4.3/f4bcb241b2e738fdf18783a2aad24d0cf1ed4b54/querydsl-apt-3.4.3.jar, file:/home/przodownik/.gradle/caches/modules-2/files-2.1/com.mysema.querydsl/querydsl-codegen/3.4.3/804b3392a25ac48888ee796152a7a00b71c90347/querydsl-codegen-3.4.3.jar, file:/home/przodownik/.gradle/caches/modules-2/files-2.1/com.mysema.querydsl/querydsl-core/3.4.3/5b0c633bf66a0ee12effbe06326d6b0976cceb3b/querydsl-core-3.4.3.jar, file:/home/przodownik/.gradle/caches/modules-2/files-2.1/com.mysema.querydsl/querydsl-mongodb/3.4.3/3da060f21eca66ffa478f1155247ad005a161425/querydsl-mongodb-3.4.3.jar, file:/home/przodownik/.gradle/caches/modules-2/files-2.1/com.sun.jersey/jersey-bundle/1.18/3cb0f514f3183456c5910f00fc8e976e65b3d23/jersey-bundle-1.18.jar, file:/home/przodownik/.gradle/caches/modules-2/files-2.1/commons-codec/commons-codec/1.6/b7f0fc8f61ecadeb3695f0b9464755eee44374d4/commons-codec-1.6.jar, file:/home/przodownik/.gradle/caches/modules-2/files-2.1/commons-logging/commons-logging/1.1.3/f6f66e966c70a83ffbdb6f17a0919eaf7c8aca7f/commons-logging-1.1.3.jar, file:/home/przodownik/.gradle/caches/modules-2/files-2.1/javax.el/el-api/2.2/42971279cc8ba864462580c7fc2199fd5715ee7f/el-api-2.2.jar, file:/home/przodownik/.gradle/caches/modules-2/files-2.1/javax.inject/javax.inject/1/6975da39a7040257bd51d21a231b76c915872d38/javax.inject-1.jar, file:/home/przodownik/.gradle/caches/modules-2/files-2.1/javax.validation/validation-api/1.1.0.Final/8613ae82954779d518631e05daa73a6a954817d5/validation-api-1.1.0.Final.jar, file:/home/przodownik/.gradle/caches/modules-2/files-2.1/javax.ws.rs/jsr311-api/1.1.1/59033da2a1afd56af1ac576750a8d0b1830d59e6/jsr311-api-1.1.1.jar, file:/home/przodownik/.gradle/caches/modules-2/files-2.1/junit/junit-dep/4.10/64417b3bafdecd366afa514bd5beeae6c1f85ece/junit-dep-4.10.jar, file:/home/przodownik/.gradle/caches/modules-2/files-2.1/junit/junit/4.11/4e031bb61df09069aeb2bffb4019e7a5034a4ee0/junit-4.11.jar, file:/home/przodownik/.gradle/caches/modules-2/files-2.1/net.minidev/json-smart/1.2/199828b0a7be9626c6eaecb005baddd24bfddc1f/json-smart-1.2.jar, file:/home/przodownik/.gradle/caches/modules-2/files-2.1/ognl/ognl/3.0.6/a3665cf8e3426686ee751790f3d1e1ec5705e9dc/ognl-3.0.6.jar, file:/home/przodownik/.gradle/caches/modules-2/files-2.1/org.apache.commons/commons-lang3/3.3.2/90a3822c38ec8c996e84c16a3477ef632cbc87a3/commons-lang3-3.3.2.jar, file:/home/przodownik/.gradle/caches/modules-2/files-2.1/org.apache.httpcomponents/fluent-hc/4.3.5/a5fc1041491f3c5cfcc37ad7e6a226189f94161b/fluent-hc-4.3.5.jar, file:/home/przodownik/.gradle/caches/modules-2/files-2.1/org.apache.httpcomponents/httpclient/4.3.5/9783d89b8eea20a517a4afc5f979bd2882b54c44/httpclient-4.3.5.jar, file:/home/przodownik/.gradle/caches/modules-2/files-2.1/org.apache.httpcomponents/httpcore/4.3.2/31fbbff1ddbf98f3aa7377c94d33b0447c646b6e/httpcore-4.3.2.jar, file:/home/przodownik/.gradle/caches/modules-2/files-2.1/org.apache.httpcomponents/httpmime/4.3.5/1dd0d38df9c6d21e893f2e52403f1cd99e91cd81/httpmime-4.3.5.jar, file:/home/przodownik/.gradle/caches/modules-2/files-2.1/org.apache.tomcat.embed/tomcat-embed-core/7.0.55/67713e23a79934697f7f89e8a1382586117f7291/tomcat-embed-core-7.0.55.jar, file:/home/przodownik/.gradle/caches/modules-2/files-2.1/org.apache.tomcat.embed/tomcat-embed-el/7.0.55/fe614bb874f8fa1d5a9427d7b4afd2236607be4a/tomcat-embed-el-7.0.55.jar, file:/home/przodownik/.gradle/caches/modules-2/files-2.1/org.apache.tomcat.embed/tomcat-embed-logging-juli/7.0.55/76c2066b1fadcee51f1a2b75238f8916701003d8/tomcat-embed-logging-juli-7.0.55.jar, file:/home/przodownik/.gradle/caches/modules-2/files-2.1/org.aspectj/aspectjrt/1.8.2/7dede91c0c36b1265fc99c55283b90ed2be144c8/aspectjrt-1.8.2.jar, file:/home/przodownik/.gradle/caches/modules-2/files-2.1/org.aspectj/aspectjweaver/1.8.2/4963c0bef4748d5ad039cc26c1ac32a082eb755e/aspectjweaver-1.8.2.jar, file:/home/przodownik/.gradle/caches/modules-2/files-2.1/org.ccil.cowan.tagsoup/tagsoup/1.2.1/5584627487e984c03456266d3f8802eb85a9ce97/tagsoup-1.2.1.jar, file:/home/przodownik/.gradle/caches/modules-2/files-2.1/org.codehaus.groovy/groovy-json/2.3.6/b5b3fc814ceff297020ea450a96ea20942bf51fb/groovy-json-2.3.6.jar, file:/home/przodownik/.gradle/caches/modules-2/files-2.1/org.codehaus.groovy/groovy-xml/2.3.6/cb21666b123086bad2c6bad0d581265145216a23/groovy-xml-2.3.6.jar, file:/home/przodownik/.gradle/caches/modules-2/files-2.1/org.codehaus.groovy/groovy/2.3.6/58479615c4a53124169506b0275de5cf366b0f35/groovy-2.3.6.jar, file:/home/przodownik/.gradle/caches/modules-2/files-2.1/org.easytesting/fest-assert/1.4/88ec2d3bbc35a2e9613f584b29e26adb1bc2c515/fest-assert-1.4.jar, file:/home/przodownik/.gradle/caches/modules-2/files-2.1/org.easytesting/fest-util/1.1.6/e785ee9c1f314bbf9e5a824b85143e440642557a/fest-util-1.1.6.jar, file:/home/przodownik/.gradle/caches/modules-2/files-2.1/org.eclipse.jdt.core.compiler/ecj/4.3.1/21582b0e662b9e54fc6f0f2721d36f753ce7c58c/ecj-4.3.1.jar, file:/home/przodownik/.gradle/caches/modules-2/files-2.1/org.glassfish.web/el-impl/2.2/a401771e200ff17a77756c2109250619722e4660/el-impl-2.2.jar, file:/home/przodownik/.gradle/caches/modules-2/files-2.1/org.hamcrest/hamcrest-all/1.3/63a21ebc981131004ad02e0434e799fd7f3a8d5a/hamcrest-all-1.3.jar, file:/home/przodownik/.gradle/caches/modules-2/files-2.1/org.hamcrest/hamcrest-core/1.3/42a25dc3219429f0e5d060061f71acb49bf010a0/hamcrest-core-1.3.jar, file:/home/przodownik/.gradle/caches/modules-2/files-2.1/org.hamcrest/hamcrest-library/1.3/4785a3c21320980282f9f33d0d1264a69040538f/hamcrest-library-1.3.jar, file:/home/przodownik/.gradle/caches/modules-2/files-2.1/org.hibernate/hibernate-validator/5.1.1.Final/2bd44618dc13c2be39231776a0edf0e1f867dedc/hibernate-validator-5.1.1.Final.jar, file:/home/przodownik/.gradle/caches/modules-2/files-2.1/org.hsqldb/hsqldb/2.3.1/bd7153caa30958e1c64a3dd38b93e5a7442d9a0e/hsqldb-2.3.1.jar, file:/home/przodownik/.gradle/caches/modules-2/files-2.1/org.jasypt/jasypt-spring31/1.9.2/c94c7481c7ddb4a394c3dbc4bdc7749b18d8d0b2/jasypt-spring31-1.9.2.jar, file:/home/przodownik/.gradle/caches/modules-2/files-2.1/org.jasypt/jasypt/1.9.2/91eee489a389faba9fc57bfee75c87c615c19cd7/jasypt-1.9.2.jar, file:/home/przodownik/.gradle/caches/modules-2/files-2.1/org.javassist/javassist/3.16.1-GA/315891b371395271977af518d4db5cee1a0bc9bf/javassist-3.16.1-GA.jar, file:/home/przodownik/.gradle/caches/modules-2/files-2.1/org.jboss.logging/jboss-logging/3.1.3.GA/64499e907f19e5e1b3fdc02f81440c1832fe3545/jboss-logging-3.1.3.GA.jar, file:/home/przodownik/.gradle/caches/modules-2/files-2.1/org.mockito/mockito-all/1.9.5/79a8984096fc6591c1e3690e07d41be506356fa5/mockito-all-1.9.5.jar, file:/home/przodownik/.gradle/caches/modules-2/files-2.1/org.mockito/mockito-core/1.9.5/c3264abeea62c4d2f367e21484fbb40c7e256393/mockito-core-1.9.5.jar, file:/home/przodownik/.gradle/caches/modules-2/files-2.1/org.mongodb/mongo-java-driver/2.12.3/12b7358a7740af71a4a52349d014d526a7a26a65/mongo-java-driver-2.12.3.jar, file:/home/przodownik/.gradle/caches/modules-2/files-2.1/org.objenesis/objenesis/2.1/87c0ea803b69252868d09308b4618f766f135a96/objenesis-2.1.jar, file:/home/przodownik/.gradle/caches/modules-2/files-2.1/org.projectlombok/lombok/1.12.4/87cff683a77d5cfc7b1af009f0b7df720248755a/lombok-1.12.4.jar, file:/home/przodownik/.gradle/caches/modules-2/files-2.1/org.slf4j/jcl-over-slf4j/1.7.7/56003dcd0a31deea6391b9e2ef2f2dc90b205a92/jcl-over-slf4j-1.7.7.jar, file:/home/przodownik/.gradle/caches/modules-2/files-2.1/org.slf4j/jul-to-slf4j/1.7.7/def21bc1a6e648ee40b41a84f1db443132913105/jul-to-slf4j-1.7.7.jar, file:/home/przodownik/.gradle/caches/modules-2/files-2.1/org.slf4j/log4j-over-slf4j/1.7.7/d521cb26a9c4407caafcec302e7804b048b07cea/log4j-over-slf4j-1.7.7.jar, file:/home/przodownik/.gradle/caches/modules-2/files-2.1/org.slf4j/slf4j-api/1.7.7/2b8019b6249bb05d81d3a3094e468753e2b21311/slf4j-api-1.7.7.jar, file:/home/przodownik/.gradle/caches/modules-2/files-2.1/org.spockframework/spock-core/0.7-groovy-2.0/4de0b428de0c14b6eb6375d8174f71848cbfc1d7/spock-core-0.7-groovy-2.0.jar, file:/home/przodownik/.gradle/caches/modules-2/files-2.1/org.springframework.boot/spring-boot-actuator/1.1.7.RELEASE/583b8f872e67d5fad3323787f1de3c7cb94ba88a/spring-boot-actuator-1.1.7.RELEASE.jar, file:/home/przodownik/.gradle/caches/modules-2/files-2.1/org.springframework.boot/spring-boot-autoconfigure/1.1.7.RELEASE/ada61e221cd841c7fd2334fe5f636916a2645220/spring-boot-autoconfigure-1.1.7.RELEASE.jar, file:/home/przodownik/.gradle/caches/modules-2/files-2.1/org.springframework.boot/spring-boot-starter-actuator/1.1.7.RELEASE/f19f58dac234bd2ed78ea477af6db19e59dc9c51/spring-boot-starter-actuator-1.1.7.RELEASE.jar, file:/home/przodownik/.gradle/caches/modules-2/files-2.1/org.springframework.boot/spring-boot-starter-aop/1.1.7.RELEASE/2093d7ea01abefb4abb958db7cb89faffc7f35ee/spring-boot-starter-aop-1.1.7.RELEASE.jar, file:/home/przodownik/.gradle/caches/modules-2/files-2.1/org.springframework.boot/spring-boot-starter-data-mongodb/1.1.7.RELEASE/34ed0de122995aedfb76f84cbf887e90505cfc2c/spring-boot-starter-data-mongodb-1.1.7.RELEASE.jar, file:/home/przodownik/.gradle/caches/modules-2/files-2.1/org.springframework.boot/spring-boot-starter-logging/1.1.7.RELEASE/d51922fb607842acd90c2de736f8c72c98380bd7/spring-boot-starter-logging-1.1.7.RELEASE.jar, file:/home/przodownik/.gradle/caches/modules-2/files-2.1/org.springframework.boot/spring-boot-starter-security/1.1.7.RELEASE/773777ea2acd916c4bf345333ee3c2a75b2c3fb6/spring-boot-starter-security-1.1.7.RELEASE.jar, file:/home/przodownik/.gradle/caches/modules-2/files-2.1/org.springframework.boot/spring-boot-starter-tomcat/1.1.7.RELEASE/6fddd262456789d40c37ec8817abd842f0030fd0/spring-boot-starter-tomcat-1.1.7.RELEASE.jar, file:/home/przodownik/.gradle/caches/modules-2/files-2.1/org.springframework.boot/spring-boot-starter-web/1.1.7.RELEASE/fbd9a68b95d2267742ac1e276ef2781da666b20e/spring-boot-starter-web-1.1.7.RELEASE.jar, file:/home/przodownik/.gradle/caches/modules-2/files-2.1/org.springframework.boot/spring-boot-starter/1.1.7.RELEASE/7a68efd7b7abb4f8a4e4dbc450a610ece7cacbea/spring-boot-starter-1.1.7.RELEASE.jar, file:/home/przodownik/.gradle/caches/modules-2/files-2.1/org.springframework.boot/spring-boot/1.1.7.RELEASE/a41a91fb3f33e684efd0e728bb1548a009579ac9/spring-boot-1.1.7.RELEASE.jar, file:/home/przodownik/.gradle/caches/modules-2/files-2.1/org.springframework.data/spring-data-commons/1.9.0.RELEASE/bd987e587167b4757b5762051323515442ad25d2/spring-data-commons-1.9.0.RELEASE.jar, file:/home/przodownik/.gradle/caches/modules-2/files-2.1/org.springframework.data/spring-data-mongodb/1.6.0.RELEASE/d1f76280c47911d5218aba69808f94b47e61952e/spring-data-mongodb-1.6.0.RELEASE.jar, file:/home/przodownik/.gradle/caches/modules-2/files-2.1/org.springframework.hateoas/spring-hateoas/0.16.0.RELEASE/b5f0802006170eba329089d3e82155f97eb3347/spring-hateoas-0.16.0.RELEASE.jar, file:/home/przodownik/.gradle/caches/modules-2/files-2.1/org.springframework.security/spring-security-config/3.2.5.RELEASE/1286983a3ad4549d7f7fd0f3784e747667b44b70/spring-security-config-3.2.5.RELEASE.jar, file:/home/przodownik/.gradle/caches/modules-2/files-2.1/org.springframework.security/spring-security-core/3.2.5.RELEASE/d5db43e696a02186ab7e18f8c9d99afbde94bd77/spring-security-core-3.2.5.RELEASE.jar, file:/home/przodownik/.gradle/caches/modules-2/files-2.1/org.springframework.security/spring-security-web/3.2.5.RELEASE/47624ce0bca40bac9a64276ed36d67be11f133b8/spring-security-web-3.2.5.RELEASE.jar, file:/home/przodownik/.gradle/caches/modules-2/files-2.1/org.springframework/spring-aop/4.1.1.RELEASE/5175950be849e409f328bd4ea0f16f3ea9466359/spring-aop-4.1.1.RELEASE.jar, file:/home/przodownik/.gradle/caches/modules-2/files-2.1/org.springframework/spring-aspects/4.1.1.RELEASE/691e2f5d6082d0752c06672b4e7ae595c49c373c/spring-aspects-4.1.1.RELEASE.jar, file:/home/przodownik/.gradle/caches/modules-2/files-2.1/org.springframework/spring-beans/4.1.1.RELEASE/a44061faf47da974376bbfa6e84e316046d45c8c/spring-beans-4.1.1.RELEASE.jar, file:/home/przodownik/.gradle/caches/modules-2/files-2.1/org.springframework/spring-context/4.1.1.RELEASE/3c79ab100df285ea0cc0b4543fe4042543405001/spring-context-4.1.1.RELEASE.jar, file:/home/przodownik/.gradle/caches/modules-2/files-2.1/org.springframework/spring-core/4.1.1.RELEASE/4b0c607ba83c95ad9ea3defd40c35ae47c5df7d0/spring-core-4.1.1.RELEASE.jar, file:/home/przodownik/.gradle/caches/modules-2/files-2.1/org.springframework/spring-expression/4.1.1.RELEASE/c86cad6880c3f5c13a81677411b6f41873c80e75/spring-expression-4.1.1.RELEASE.jar, file:/home/przodownik/.gradle/caches/modules-2/files-2.1/org.springframework/spring-jdbc/4.1.1.RELEASE/7961fd80b1a39358a527110dcc2751e2535ca31f/spring-jdbc-4.1.1.RELEASE.jar, file:/home/przodownik/.gradle/caches/modules-2/files-2.1/org.springframework/spring-orm/4.1.1.RELEASE/527855bb911964588b6ca99a0ce8cd3ca0be3d9b/spring-orm-4.1.1.RELEASE.jar, file:/home/przodownik/.gradle/caches/modules-2/files-2.1/org.springframework/spring-test/4.1.1.RELEASE/406ce9c05253f7dd75ac3f31170c71cca7419d8a/spring-test-4.1.1.RELEASE.jar, file:/home/przodownik/.gradle/caches/modules-2/files-2.1/org.springframework/spring-tx/4.1.1.RELEASE/7025c6f9736feed7893a59730b56fa0a1569580c/spring-tx-4.1.1.RELEASE.jar, file:/home/przodownik/.gradle/caches/modules-2/files-2.1/org.springframework/spring-web/4.1.1.RELEASE/c496e2c84b7275309bbe29d2fa90a968acce9ce9/spring-web-4.1.1.RELEASE.jar, file:/home/przodownik/.gradle/caches/modules-2/files-2.1/org.springframework/spring-webmvc/4.1.1.RELEASE/27f97cf47ac7e66915e4d42306bced91905998d6/spring-webmvc-4.1.1.RELEASE.jar, file:/home/przodownik/.gradle/caches/modules-2/files-2.1/org.thymeleaf.extras/thymeleaf-extras-springsecurity3/2.1.1.RELEASE/da0d116c514849d3cbe650f2d124767eb19783b9/thymeleaf-extras-springsecurity3-2.1.1.RELEASE.jar, file:/home/przodownik/.gradle/caches/modules-2/files-2.1/org.thymeleaf/thymeleaf-spring4/2.1.3.RELEASE/245c44aa3f2735f6f8346bbd5028a20652215dbf/thymeleaf-spring4-2.1.3.RELEASE.jar, file:/home/przodownik/.gradle/caches/modules-2/files-2.1/org.thymeleaf/thymeleaf/2.1.3.RELEASE/2712ec998d7b4065e041146d01d4202da20009b7/thymeleaf-2.1.3.RELEASE.jar, file:/home/przodownik/.gradle/caches/modules-2/files-2.1/org.unbescape/unbescape/1.0/4d6208849cec8ae8c16467c285df1e6272bff2ce/unbescape-1.0.jar, file:/home/przodownik/.gradle/caches/modules-2/files-2.1/org.webjars/bootstrap/3.2.0/aadbf822539bc170014701382cff887094c4c3df/bootstrap-3.2.0.jar, file:/home/przodownik/.gradle/caches/modules-2/files-2.1/org.webjars/jquery/2.1.1/dd89e356066869550b5509c4370f995ad6698d9a/jquery-2.1.1.jar, file:/home/przodownik/.gradle/caches/modules-2/files-2.1/org.yaml/snakeyaml/1.13/73cbb494a912866c4c831a178c3a2a9169f4eaad/snakeyaml-1.13.jar, file:/home/przodownik/.gradle/caches/modules-2/files-2.1/pl.pragmatists/JUnitParams/1.0.3/d65074546aa5cc33c7d08fec5640db3520b13239/JUnitParams-1.0.3.jar] 
8277 [main] INFO  o.s.b.a.l.AutoConfigurationReportLoggingInitializer - 

Error starting ApplicationContext. To display the auto-configuration report enabled debug logging (start with --debug)

 
8277 [main] ERROR o.s.boot.SpringApplication - Application startup failed 
java.lang.IllegalStateException: Tomcat connector in failed state
	at org.springframework.boot.context.embedded.tomcat.TomcatEmbeddedServletContainer.start(TomcatEmbeddedServletContainer.java:154) ~[spring-boot-1.1.7.RELEASE.jar:1.1.7.RELEASE]
	at org.springframework.boot.context.embedded.EmbeddedWebApplicationContext.startEmbeddedServletContainer(EmbeddedWebApplicationContext.java:272) ~[spring-boot-1.1.7.RELEASE.jar:1.1.7.RELEASE]
	at org.springframework.boot.context.embedded.EmbeddedWebApplicationContext.finishRefresh(EmbeddedWebApplicationContext.java:132) ~[spring-boot-1.1.7.RELEASE.jar:1.1.7.RELEASE]
	at org.springframework.context.support.AbstractApplicationContext.refresh(AbstractApplicationContext.java:483) ~[spring-context-4.1.1.RELEASE.jar:4.1.1.RELEASE]
	at org.springframework.boot.context.embedded.EmbeddedWebApplicationContext.refresh(EmbeddedWebApplicationContext.java:109) ~[spring-boot-1.1.7.RELEASE.jar:1.1.7.RELEASE]
	at org.springframework.boot.SpringApplication.refresh(SpringApplication.java:691) [spring-boot-1.1.7.RELEASE.jar:1.1.7.RELEASE]
	at org.springframework.boot.SpringApplication.run(SpringApplication.java:320) [spring-boot-1.1.7.RELEASE.jar:1.1.7.RELEASE]
	at org.springframework.boot.SpringApplication.run(SpringApplication.java:952) [spring-boot-1.1.7.RELEASE.jar:1.1.7.RELEASE]
	at org.springframework.boot.SpringApplication.run(SpringApplication.java:941) [spring-boot-1.1.7.RELEASE.jar:1.1.7.RELEASE]
	at pl.java.scalatech.SecurityKataApp.main(SecurityKataApp.java:46) [bin/:na]
8277 [main] INFO  o.s.b.c.e.AnnotationConfigEmbeddedWebApplicationContext - Closing org.springframework.boot.context.embedded.AnnotationConfigEmbeddedWebApplicationContext@50eac852: startup date [Fri Oct 10 15:42:25 CEST 2014]; root of context hierarchy 
8278 [main] INFO  o.s.c.s.DefaultLifecycleProcessor - Stopping beans in phase 0 
8281 [main] INFO  o.s.b.a.e.jmx.EndpointMBeanExporter - Unregistering JMX-exposed beans on shutdown 
8281 [main] INFO  o.s.b.a.e.jmx.EndpointMBeanExporter - Unregistering JMX-exposed beans 
8281 [main] INFO  o.s.j.e.a.AnnotationMBeanExporter - Unregistering JMX-exposed beans on shutdown 
